<?xml version="1.0" encoding="UTF-8"?>
<!-- Generated by org.testng.reporters.JUnitReportReporter -->
<testsuite hostname="DESKTOP-E2JOFU2" failures="0" tests="3" name="Admin_Module.AdminLoginTest" time="11.665" errors="0" timestamp="2024-11-26T12:12:46 IST" skipped="0">
  <testcase classname="Admin_Module.AdminLoginTest" name="adminlogin" time="4.110"/>
  <testcase classname="Admin_Module.AdminLoginTest" name="createcategory" time="3.489"/>
  <testcase classname="Admin_Module.AdminLoginTest" name="createSubCategory" time="4.066"/>
</testsuite> <!-- Admin_Module.AdminLoginTest -->
