<?xml version="1.0" encoding="UTF-8"?>
<!-- Generated by org.testng.reporters.JUnitReportReporter -->
<testsuite hostname="DESKTOP-E2JOFU2" failures="0" tests="1" name="Admin_Module.CreateSubCategoryTest" time="7.765" errors="0" timestamp="2024-11-22T20:36:45 IST" skipped="0">
  <testcase classname="Admin_Module.CreateSubCategoryTest" name="createCategory" time="7.765"/>
</testsuite> <!-- Admin_Module.CreateSubCategoryTest -->
