<?xml version="1.0" encoding="UTF-8"?>
<!-- Generated by org.testng.reporters.JUnitReportReporter -->
<testsuite hostname="DESKTOP-E2JOFU2" failures="0" tests="1" name="User_Module.VerifyPaymentTest" time="11.851" errors="0" timestamp="2024-11-23T23:47:34 IST" skipped="0">
  <testcase classname="User_Module.VerifyPaymentTest" name="UserLogin" time="11.851"/>
</testsuite> <!-- User_Module.VerifyPaymentTest -->
