<?xml version="1.0" encoding="UTF-8"?>
<!-- Generated by org.testng.reporters.JUnitReportReporter -->
<testsuite hostname="DESKTOP-E2JOFU2" failures="0" tests="1" name="User_Module.CheckOutProcessTest" time="19.240" errors="0" timestamp="2024-11-23T23:54:16 IST" skipped="0">
  <testcase classname="User_Module.CheckOutProcessTest" name="UserLogin" time="19.240"/>
</testsuite> <!-- User_Module.CheckOutProcessTest -->
