<?xml version="1.0" encoding="UTF-8"?>
<!-- Generated by org.testng.reporters.JUnitReportReporter -->
<testsuite hostname="DESKTOP-E2JOFU2" failures="0" tests="2" name="Admin_Module.AdminLoginTest" time="9.591" errors="0" timestamp="2024-11-26T08:24:05 IST" skipped="0">
  <testcase classname="Admin_Module.AdminLoginTest" name="createSubCategory" time="6.336"/>
  <testcase classname="Admin_Module.AdminLoginTest" name="adminlogin" time="3.255"/>
</testsuite> <!-- Admin_Module.AdminLoginTest -->
