<?xml version="1.0" encoding="UTF-8"?>
<!-- Generated by org.testng.reporters.JUnitReportReporter -->
<testsuite hostname="DESKTOP-E2JOFU2" failures="0" tests="4" name="User_Module.UserLoginTest" time="25.587" errors="0" timestamp="2024-11-26T18:13:29 IST" skipped="0">
  <testcase classname="User_Module.UserLoginTest" name="VerfifyWishlist" time="4.142"/>
  <testcase classname="User_Module.UserLoginTest" name="CheckOutProcess" time="12.505"/>
  <testcase classname="User_Module.UserLoginTest" name="UserLogin" time="2.200"/>
  <testcase classname="User_Module.UserLoginTest" name="VerifyPayment" time="6.740"/>
</testsuite> <!-- User_Module.UserLoginTest -->
