<?xml version="1.0" encoding="UTF-8"?>
<!-- Generated by org.testng.reporters.JUnitReportReporter -->
<testsuite hostname="DESKTOP-E2JOFU2" failures="0" tests="1" name="User_Module.VerifyPayment" time="24.731" errors="0" timestamp="2024-11-23T23:18:15 IST" skipped="0">
  <testcase classname="User_Module.VerifyPayment" name="UserLogin" time="24.731"/>
</testsuite> <!-- User_Module.VerifyPayment -->
