<?xml version="1.0" encoding="UTF-8"?>
<!-- Generated by org.testng.reporters.JUnitReportReporter -->
<testsuite hostname="DESKTOP-E2JOFU2" failures="0" tests="1" name="AdminLoginTest" time="4.477" errors="0" timestamp="2024-11-21T18:31:11 IST" skipped="0">
  <testcase classname="AdminLoginTest" name="adminlogin" time="4.477"/>
</testsuite> <!-- AdminLoginTest -->
