<?xml version="1.0" encoding="UTF-8"?>
<!-- Generated by org.testng.reporters.JUnitReportReporter -->
<testsuite hostname="DESKTOP-E2JOFU2" failures="0" tests="1" name="Admin_Module.CreateCategortyTest" time="6.883" errors="0" timestamp="2024-11-22T23:56:53 IST" skipped="0">
  <testcase classname="Admin_Module.CreateCategortyTest" name="createcategory" time="6.883"/>
</testsuite> <!-- Admin_Module.CreateCategortyTest -->
