<?xml version="1.0" encoding="UTF-8"?>
<!-- Generated by org.testng.reporters.JUnitReportReporter -->
<testsuite hostname="DESKTOP-E2JOFU2" failures="0" tests="2" name="User_Module.UserLoginTest" time="15.321" errors="0" timestamp="2024-11-26T08:29:38 IST" skipped="0">
  <testcase classname="User_Module.UserLoginTest" name="CheckOutProcess" time="11.717"/>
  <testcase classname="User_Module.UserLoginTest" name="UserLogin" time="3.604"/>
</testsuite> <!-- User_Module.UserLoginTest -->
