<?xml version="1.0" encoding="UTF-8"?>
<!-- Generated by org.testng.reporters.JUnitReportReporter -->
<testsuite hostname="DESKTOP-E2JOFU2" failures="0" tests="1" name="User_Module.VerifyWishlistTest" time="7.957" errors="0" timestamp="2024-11-23T23:59:58 IST" skipped="0">
  <testcase classname="User_Module.VerifyWishlistTest" name="UserLogin" time="7.957"/>
</testsuite> <!-- User_Module.VerifyWishlistTest -->
