<?xml version="1.0" encoding="UTF-8"?>
<!-- Generated by org.testng.reporters.JUnitXMLReporter -->
<testsuite ignored="2" hostname="DESKTOP-E2JOFU2" failures="0" tests="7" name="Test-1" time="83.892" errors="0" timestamp="2024-11-26T08:16:27 IST">
  <testcase classname="User_Module.UserLoginTest" name="CheckOutProcess" time="21.384"/>
  <testcase classname="User_Module.UserLoginTest" name="UserLogin" time="7.324"/>
  <testcase classname="User_Module.UserLoginTest" name="VerfifyWishlist" time="8.826"/>
  <testcase classname="User_Module.UserLoginTest" name="VerifyPayment" time="16.26"/>
  <testcase classname="Admin_Module.AdminLoginTest" name="adminlogin" time="6.589"/>
  <testcase classname="Admin_Module.AdminLoginTest" name="createSubCategory" time="6.607"/>
  <testcase classname="Admin_Module.AdminLoginTest" name="createcategory" time="5.651"/>
  <testcase classname="com.Easy_Purse.S_S.GenericUtility.BaseClass" name="@BeforeSuite configBS" time="0.0">
    <ignored/>
  </testcase> <!-- @BeforeSuite configBS -->
  <testcase classname="com.Easy_Purse.S_S.GenericUtility.BaseClass" name="@AfterSuite configAS" time="0.0">
    <ignored/>
  </testcase> <!-- @AfterSuite configAS -->
</testsuite> <!-- Test-1 -->
