<?xml version="1.0" encoding="UTF-8"?>
<!-- Generated by org.testng.reporters.JUnitXMLReporter -->
<testsuite ignored="2" hostname="DESKTOP-E2JOFU2" failures="0" tests="7" name="Test-2" time="83.571" errors="0" timestamp="2024-11-26T08:16:26 IST">
  <testcase classname="User_Module.UserLoginTest" name="CheckOutProcess" time="21.208"/>
  <testcase classname="User_Module.UserLoginTest" name="UserLogin" time="4.567"/>
  <testcase classname="User_Module.UserLoginTest" name="VerfifyWishlist" time="9.721"/>
  <testcase classname="User_Module.UserLoginTest" name="VerifyPayment" time="16.263"/>
  <testcase classname="Admin_Module.AdminLoginTest" name="adminlogin" time="6.595"/>
  <testcase classname="Admin_Module.AdminLoginTest" name="createSubCategory" time="6.893"/>
  <testcase classname="Admin_Module.AdminLoginTest" name="createcategory" time="6.35"/>
  <testcase classname="com.Easy_Purse.S_S.GenericUtility.BaseClass" name="@AfterSuite configAS" time="0.0">
    <ignored/>
  </testcase> <!-- @AfterSuite configAS -->
  <testcase classname="com.Easy_Purse.S_S.GenericUtility.BaseClass" name="@BeforeSuite configBS" time="0.0">
    <ignored/>
  </testcase> <!-- @BeforeSuite configBS -->
</testsuite> <!-- Test-2 -->
